|--- feature_7 <= -0.40
|   |--- feature_0 <= 0.73
|   |   |--- feature_4 <= -0.01
|   |   |   |--- feature_7 <= -0.98
|   |   |   |   |--- value: [11.07]
|   |   |   |--- feature_7 >  -0.98
|   |   |   |   |--- value: [17.48]
|   |   |--- feature_4 >  -0.01
|   |   |   |--- feature_7 <= -0.98
|   |   |   |   |--- value: [18.84]
|   |   |   |--- feature_7 >  -0.98
|   |   |   |   |--- value: [30.85]
|   |--- feature_0 >  0.73
|   |   |--- feature_3 <= -1.43
|   |   |   |--- value: [48.14]
|   |   |--- feature_3 >  -1.43
|   |   |   |--- feature_7 <= -0.98
|   |   |   |   |--- value: [28.28]
|   |   |   |--- feature_7 >  -0.98
|   |   |   |   |--- value: [36.34]
|--- feature_7 >  -0.40
|   |--- feature_0 <= 0.71
|   |   |--- feature_0 <= -1.09
|   |   |   |--- feature_1 <= 0.52
|   |   |   |   |--- value: [14.10]
|   |   |   |--- feature_1 >  0.52
|   |   |   |   |--- value: [29.90]
|   |   |--- feature_0 >  -1.09
|   |   |   |--- feature_3 <= -0.32
|   |   |   |   |--- value: [46.78]
|   |   |   |--- feature_3 >  -0.32
|   |   |   |   |--- value: [36.10]
|   |--- feature_0 >  0.71
|   |   |--- feature_3 <= 0.03
|   |   |   |--- feature_2 <= -0.41
|   |   |   |   |--- value: [65.03]
|   |   |   |--- feature_2 >  -0.41
|   |   |   |   |--- value: [57.04]
|   |   |--- feature_3 >  0.03
|   |   |   |--- feature_4 <= 0.97
|   |   |   |   |--- value: [44.42]
|   |   |   |--- feature_4 >  0.97
|   |   |   |   |--- value: [65.07]
